Fetching gem metadata from https://rubygems.org/........
Resolving dependencies...
Active Record version: 7.1.6
Run options: --seed 9081

# Running:

FFE.E

Finished in 0.036758s, 136.0248 runs/s, 81.6149 assertions/s.

  1) Failure:
BugTest#test_heredoc_where_is_preserved [repro.rb:89]:
Expected: "status = 'pending'"
  Actual: nil

  2) Failure:
BugTest#test_trailing_newline_where_is_preserved [repro.rb:69]:
Expected: "status = 'pending'"
  Actual: nil

  3) Error:
BugTest#test_schema_roundtrip_preserves_partial_index_semantics:
NoMethodError: undefined method 'create_schema_dumper' for an instance of ActiveRecord::ConnectionAdapters::ConnectionPool
    /Users/javi/.rbenv/versions/3.4.2/lib/ruby/gems/3.4.0/gems/activerecord-7.1.6/lib/active_record/schema_dumper.rb:45:in 'ActiveRecord::SchemaDumper.dump'
    repro.rb:114:in 'BugTest#test_schema_roundtrip_preserves_partial_index_semantics'

  4) Error:
BugTest#test_multiline_expression_index_keeps_its_expression:
NoMethodError: undefined method 'size' for nil
    /Users/javi/.rbenv/versions/3.4.2/lib/ruby/gems/3.4.0/gems/activerecord-7.1.6/lib/active_record/connection_adapters/abstract/schema_definitions.rb:67:in 'ActiveRecord::ConnectionAdapters::IndexDefinition#concise_options'
    /Users/javi/.rbenv/versions/3.4.2/lib/ruby/gems/3.4.0/gems/activerecord-7.1.6/lib/active_record/connection_adapters/abstract/schema_definitions.rb:31:in 'ActiveRecord::ConnectionAdapters::IndexDefinition#initialize'
    /Users/javi/.rbenv/versions/3.4.2/lib/ruby/gems/3.4.0/gems/activerecord-7.1.6/lib/active_record/connection_adapters/sqlite3/schema_statements.rb:44:in 'Class#new'
    /Users/javi/.rbenv/versions/3.4.2/lib/ruby/gems/3.4.0/gems/activerecord-7.1.6/lib/active_record/connection_adapters/sqlite3/schema_statements.rb:44:in 'block in ActiveRecord::ConnectionAdapters::SQLite3::SchemaStatements#indexes'
    /Users/javi/.rbenv/versions/3.4.2/lib/ruby/gems/3.4.0/gems/activerecord-7.1.6/lib/active_record/result.rb:72:in 'Array#each'
    /Users/javi/.rbenv/versions/3.4.2/lib/ruby/gems/3.4.0/gems/activerecord-7.1.6/lib/active_record/result.rb:72:in 'ActiveRecord::Result#each'
    /Users/javi/.rbenv/versions/3.4.2/lib/ruby/gems/3.4.0/gems/activerecord-7.1.6/lib/active_record/connection_adapters/sqlite3/schema_statements.rb:9:in 'Enumerable#filter_map'
    /Users/javi/.rbenv/versions/3.4.2/lib/ruby/gems/3.4.0/gems/activerecord-7.1.6/lib/active_record/connection_adapters/sqlite3/schema_statements.rb:9:in 'ActiveRecord::ConnectionAdapters::SQLite3::SchemaStatements#indexes'
    repro.rb:153:in 'BugTest#index'
    repro.rb:145:in 'BugTest#test_multiline_expression_index_keeps_its_expression'

5 runs, 3 assertions, 2 failures, 2 errors, 0 skips
