Fetching gem metadata from https://rubygems.org/........
Resolving dependencies...
Active Record version: 8.0.5
Run options: --seed 43649

# Running:

F.EFE

Finished in 0.050490s, 99.0295 runs/s, 59.4177 assertions/s.

  1) Failure:
BugTest#test_trailing_newline_where_is_preserved [repro.rb:69]:
Expected: "status = 'pending'"
  Actual: nil

  2) Error:
BugTest#test_schema_roundtrip_preserves_partial_index_semantics:
ActiveRecord::RecordNotUnique: SQLite3::ConstraintException: UNIQUE constraint failed: join_requests.organization_id, join_requests.user_id
    /Users/javi/.rbenv/versions/3.4.2/lib/ruby/gems/3.4.0/gems/activerecord-8.0.5/lib/active_record/connection_adapters/sqlite3/database_statements.rb:100:in 'SQLite3::Statement#step'
    /Users/javi/.rbenv/versions/3.4.2/lib/ruby/gems/3.4.0/gems/activerecord-8.0.5/lib/active_record/connection_adapters/sqlite3/database_statements.rb:100:in 'ActiveRecord::ConnectionAdapters::SQLite3::DatabaseStatements#perform_query'
    /Users/javi/.rbenv/versions/3.4.2/lib/ruby/gems/3.4.0/gems/activerecord-8.0.5/lib/active_record/connection_adapters/abstract/database_statements.rb:556:in 'block (2 levels) in ActiveRecord::ConnectionAdapters::DatabaseStatements#raw_execute'
    /Users/javi/.rbenv/versions/3.4.2/lib/ruby/gems/3.4.0/gems/activerecord-8.0.5/lib/active_record/connection_adapters/abstract_adapter.rb:1022:in 'block in ActiveRecord::ConnectionAdapters::AbstractAdapter#with_raw_connection'
    /Users/javi/.rbenv/versions/3.4.2/lib/ruby/gems/3.4.0/gems/activesupport-8.0.5/lib/active_support/concurrency/null_lock.rb:9:in 'ActiveSupport::Concurrency::NullLock#synchronize'
    /Users/javi/.rbenv/versions/3.4.2/lib/ruby/gems/3.4.0/gems/activerecord-8.0.5/lib/active_record/connection_adapters/abstract_adapter.rb:991:in 'ActiveRecord::ConnectionAdapters::AbstractAdapter#with_raw_connection'
    /Users/javi/.rbenv/versions/3.4.2/lib/ruby/gems/3.4.0/gems/activerecord-8.0.5/lib/active_record/connection_adapters/abstract/database_statements.rb:555:in 'block in ActiveRecord::ConnectionAdapters::DatabaseStatements#raw_execute'
    /Users/javi/.rbenv/versions/3.4.2/lib/ruby/gems/3.4.0/gems/activesupport-8.0.5/lib/active_support/notifications/instrumenter.rb:58:in 'ActiveSupport::Notifications::Instrumenter#instrument'
    /Users/javi/.rbenv/versions/3.4.2/lib/ruby/gems/3.4.0/gems/activerecord-8.0.5/lib/active_record/connection_adapters/abstract_adapter.rb:1142:in 'ActiveRecord::ConnectionAdapters::AbstractAdapter#log'
    /Users/javi/.rbenv/versions/3.4.2/lib/ruby/gems/3.4.0/gems/activerecord-8.0.5/lib/active_record/connection_adapters/abstract/database_statements.rb:554:in 'ActiveRecord::ConnectionAdapters::DatabaseStatements#raw_execute'
    /Users/javi/.rbenv/versions/3.4.2/lib/ruby/gems/3.4.0/gems/activerecord-8.0.5/lib/active_record/connection_adapters/abstract/database_statements.rb:591:in 'ActiveRecord::ConnectionAdapters::DatabaseStatements#internal_execute'
    /Users/javi/.rbenv/versions/3.4.2/lib/ruby/gems/3.4.0/gems/activerecord-8.0.5/lib/active_record/connection_adapters/abstract/database_statements.rb:137:in 'ActiveRecord::ConnectionAdapters::DatabaseStatements#execute'
    /Users/javi/.rbenv/versions/3.4.2/lib/ruby/gems/3.4.0/gems/activerecord-8.0.5/lib/active_record/connection_adapters/abstract/query_cache.rb:27:in 'ActiveRecord::ConnectionAdapters::AbstractAdapter#execute'
    /Users/javi/.rbenv/versions/3.4.2/lib/ruby/gems/3.4.0/gems/activerecord-8.0.5/lib/active_record/connection_adapters/sqlite3/database_statements.rb:56:in 'ActiveRecord::ConnectionAdapters::SQLite3::DatabaseStatements#execute'
    repro.rb:127:in 'BugTest#test_schema_roundtrip_preserves_partial_index_semantics'

  3) Failure:
BugTest#test_heredoc_where_is_preserved [repro.rb:89]:
Expected: "status = 'pending'"
  Actual: nil

  4) Error:
BugTest#test_multiline_expression_index_keeps_its_expression:
NoMethodError: undefined method 'size' for nil
    /Users/javi/.rbenv/versions/3.4.2/lib/ruby/gems/3.4.0/gems/activerecord-8.0.5/lib/active_record/connection_adapters/abstract/schema_definitions.rb:66:in 'ActiveRecord::ConnectionAdapters::IndexDefinition#concise_options'
    /Users/javi/.rbenv/versions/3.4.2/lib/ruby/gems/3.4.0/gems/activerecord-8.0.5/lib/active_record/connection_adapters/abstract/schema_definitions.rb:30:in 'ActiveRecord::ConnectionAdapters::IndexDefinition#initialize'
    /Users/javi/.rbenv/versions/3.4.2/lib/ruby/gems/3.4.0/gems/activerecord-8.0.5/lib/active_record/connection_adapters/sqlite3/schema_statements.rb:45:in 'Class#new'
    /Users/javi/.rbenv/versions/3.4.2/lib/ruby/gems/3.4.0/gems/activerecord-8.0.5/lib/active_record/connection_adapters/sqlite3/schema_statements.rb:45:in 'block in ActiveRecord::ConnectionAdapters::SQLite3::SchemaStatements#indexes'
    /Users/javi/.rbenv/versions/3.4.2/lib/ruby/gems/3.4.0/gems/activerecord-8.0.5/lib/active_record/result.rb:130:in 'Array#each'
    /Users/javi/.rbenv/versions/3.4.2/lib/ruby/gems/3.4.0/gems/activerecord-8.0.5/lib/active_record/result.rb:130:in 'ActiveRecord::Result#each'
    /Users/javi/.rbenv/versions/3.4.2/lib/ruby/gems/3.4.0/gems/activerecord-8.0.5/lib/active_record/connection_adapters/sqlite3/schema_statements.rb:9:in 'Enumerable#filter_map'
    /Users/javi/.rbenv/versions/3.4.2/lib/ruby/gems/3.4.0/gems/activerecord-8.0.5/lib/active_record/connection_adapters/sqlite3/schema_statements.rb:9:in 'ActiveRecord::ConnectionAdapters::SQLite3::SchemaStatements#indexes'
    repro.rb:153:in 'BugTest#index'
    repro.rb:145:in 'BugTest#test_multiline_expression_index_keeps_its_expression'

5 runs, 3 assertions, 2 failures, 2 errors, 0 skips
