Fetching https://github.com/rails/rails.git
Fetching gem metadata from https://rubygems.org/........
Resolving dependencies...
Fetching ractor-dispatch 0.2.0
Fetching erb 6.0.6
Installing ractor-dispatch 0.2.0
Installing erb 6.0.6 with native extensions
Active Record version: 8.2.0.alpha
Run options: --seed 24821

# Running:

F.EEF

Finished in 0.047825s, 104.5478 runs/s, 62.7287 assertions/s.

  1) Failure:
BugTest#test_trailing_newline_where_is_preserved [repro.rb:69]:
Expected: "status = 'pending'"
  Actual: nil

  2) Error:
BugTest#test_multiline_expression_index_keeps_its_expression:
NoMethodError: undefined method 'size' for nil
    /Users/javi/.rbenv/versions/3.4.2/lib/ruby/gems/3.4.0/bundler/gems/rails-685bc6c26cb3/activerecord/lib/active_record/connection_adapters/abstract/schema_definitions.rb:66:in 'ActiveRecord::ConnectionAdapters::IndexDefinition#concise_options'
    /Users/javi/.rbenv/versions/3.4.2/lib/ruby/gems/3.4.0/bundler/gems/rails-685bc6c26cb3/activerecord/lib/active_record/connection_adapters/abstract/schema_definitions.rb:30:in 'ActiveRecord::ConnectionAdapters::IndexDefinition#initialize'
    /Users/javi/.rbenv/versions/3.4.2/lib/ruby/gems/3.4.0/bundler/gems/rails-685bc6c26cb3/activerecord/lib/active_record/connection_adapters/sqlite3/schema_statements.rb:45:in 'Class#new'
    /Users/javi/.rbenv/versions/3.4.2/lib/ruby/gems/3.4.0/bundler/gems/rails-685bc6c26cb3/activerecord/lib/active_record/connection_adapters/sqlite3/schema_statements.rb:45:in 'block in ActiveRecord::ConnectionAdapters::SQLite3::SchemaStatements#indexes'
    /Users/javi/.rbenv/versions/3.4.2/lib/ruby/gems/3.4.0/bundler/gems/rails-685bc6c26cb3/activerecord/lib/active_record/result.rb:137:in 'Array#each'
    /Users/javi/.rbenv/versions/3.4.2/lib/ruby/gems/3.4.0/bundler/gems/rails-685bc6c26cb3/activerecord/lib/active_record/result.rb:137:in 'ActiveRecord::Result#each'
    /Users/javi/.rbenv/versions/3.4.2/lib/ruby/gems/3.4.0/bundler/gems/rails-685bc6c26cb3/activerecord/lib/active_record/connection_adapters/sqlite3/schema_statements.rb:9:in 'Enumerable#filter_map'
    /Users/javi/.rbenv/versions/3.4.2/lib/ruby/gems/3.4.0/bundler/gems/rails-685bc6c26cb3/activerecord/lib/active_record/connection_adapters/sqlite3/schema_statements.rb:9:in 'ActiveRecord::ConnectionAdapters::SQLite3::SchemaStatements#indexes'
    repro.rb:153:in 'BugTest#index'
    repro.rb:145:in 'BugTest#test_multiline_expression_index_keeps_its_expression'

  3) Error:
BugTest#test_schema_roundtrip_preserves_partial_index_semantics:
ActiveRecord::RecordNotUnique: SQLite3::ConstraintException: UNIQUE constraint failed: join_requests.organization_id, join_requests.user_id
    /Users/javi/.rbenv/versions/3.4.2/lib/ruby/gems/3.4.0/bundler/gems/rails-685bc6c26cb3/activerecord/lib/active_record/connection_adapters/sqlite3/database_statements.rb:122:in 'SQLite3::Statement#step'
    /Users/javi/.rbenv/versions/3.4.2/lib/ruby/gems/3.4.0/bundler/gems/rails-685bc6c26cb3/activerecord/lib/active_record/connection_adapters/sqlite3/database_statements.rb:122:in 'ActiveRecord::ConnectionAdapters::SQLite3::DatabaseStatements#perform_query'
    /Users/javi/.rbenv/versions/3.4.2/lib/ruby/gems/3.4.0/bundler/gems/rails-685bc6c26cb3/activerecord/lib/active_record/connection_adapters/abstract/database_statements.rb:633:in 'block (2 levels) in ActiveRecord::ConnectionAdapters::DatabaseStatements#execute_intent'
    /Users/javi/.rbenv/versions/3.4.2/lib/ruby/gems/3.4.0/bundler/gems/rails-685bc6c26cb3/activerecord/lib/active_record/connection_adapters/abstract_adapter.rb:1128:in 'block in ActiveRecord::ConnectionAdapters::AbstractAdapter#with_raw_connection'
    /Users/javi/.rbenv/versions/3.4.2/lib/ruby/gems/3.4.0/bundler/gems/rails-685bc6c26cb3/activesupport/lib/active_support/concurrency/null_lock.rb:9:in 'ActiveSupport::Concurrency::NullLock#synchronize'
    /Users/javi/.rbenv/versions/3.4.2/lib/ruby/gems/3.4.0/bundler/gems/rails-685bc6c26cb3/activerecord/lib/active_record/connection_adapters/abstract_adapter.rb:1093:in 'ActiveRecord::ConnectionAdapters::AbstractAdapter#with_raw_connection'
    /Users/javi/.rbenv/versions/3.4.2/lib/ruby/gems/3.4.0/bundler/gems/rails-685bc6c26cb3/activerecord/lib/active_record/connection_adapters/abstract/database_statements.rb:630:in 'block in ActiveRecord::ConnectionAdapters::DatabaseStatements#execute_intent'
    /Users/javi/.rbenv/versions/3.4.2/lib/ruby/gems/3.4.0/bundler/gems/rails-685bc6c26cb3/activesupport/lib/active_support/notifications/instrumenter.rb:86:in 'ActiveSupport::Notifications::Instrumenter#instrument'
    /Users/javi/.rbenv/versions/3.4.2/lib/ruby/gems/3.4.0/bundler/gems/rails-685bc6c26cb3/activerecord/lib/active_record/connection_adapters/abstract_adapter.rb:1266:in 'ActiveRecord::ConnectionAdapters::AbstractAdapter#log'
    /Users/javi/.rbenv/versions/3.4.2/lib/ruby/gems/3.4.0/bundler/gems/rails-685bc6c26cb3/activerecord/lib/active_record/connection_adapters/abstract/database_statements.rb:628:in 'ActiveRecord::ConnectionAdapters::DatabaseStatements#execute_intent'
    /Users/javi/.rbenv/versions/3.4.2/lib/ruby/gems/3.4.0/bundler/gems/rails-685bc6c26cb3/activerecord/lib/active_record/connection_adapters/query_intent.rb:322:in 'ActiveRecord::ConnectionAdapters::QueryIntent#run_query!'
    /Users/javi/.rbenv/versions/3.4.2/lib/ruby/gems/3.4.0/bundler/gems/rails-685bc6c26cb3/activerecord/lib/active_record/connection_adapters/query_intent.rb:172:in 'ActiveRecord::ConnectionAdapters::QueryIntent#execute!'
    /Users/javi/.rbenv/versions/3.4.2/lib/ruby/gems/3.4.0/bundler/gems/rails-685bc6c26cb3/activerecord/lib/active_record/connection_adapters/abstract/database_statements.rb:164:in 'ActiveRecord::ConnectionAdapters::DatabaseStatements#execute'
    /Users/javi/.rbenv/versions/3.4.2/lib/ruby/gems/3.4.0/bundler/gems/rails-685bc6c26cb3/activerecord/lib/active_record/connection_adapters/abstract/query_cache.rb:25:in 'ActiveRecord::ConnectionAdapters::AbstractAdapter#execute'
    /Users/javi/.rbenv/versions/3.4.2/lib/ruby/gems/3.4.0/bundler/gems/rails-685bc6c26cb3/activerecord/lib/active_record/connection_adapters/sqlite3/database_statements.rb:56:in 'ActiveRecord::ConnectionAdapters::SQLite3::DatabaseStatements#execute'
    repro.rb:127:in 'BugTest#test_schema_roundtrip_preserves_partial_index_semantics'

  4) Failure:
BugTest#test_heredoc_where_is_preserved [repro.rb:89]:
Expected: "status = 'pending'"
  Actual: nil

5 runs, 3 assertions, 2 failures, 2 errors, 0 skips
