Fetching gem metadata from https://rubygems.org/........
Resolving dependencies...
Fetching concurrent-ruby 1.3.8
Installing concurrent-ruby 1.3.8
Active Record version: 8.1.3
Run options: --seed 34260

# Running:

EEF.F

Finished in 0.056339s, 88.7485 runs/s, 53.2491 assertions/s.

  1) Error:
BugTest#test_multiline_expression_index_keeps_its_expression:
NoMethodError: undefined method 'size' for nil
    /Users/javi/.rbenv/versions/3.4.2/lib/ruby/gems/3.4.0/gems/activerecord-8.1.3/lib/active_record/connection_adapters/abstract/schema_definitions.rb:66:in 'ActiveRecord::ConnectionAdapters::IndexDefinition#concise_options'
    /Users/javi/.rbenv/versions/3.4.2/lib/ruby/gems/3.4.0/gems/activerecord-8.1.3/lib/active_record/connection_adapters/abstract/schema_definitions.rb:30:in 'ActiveRecord::ConnectionAdapters::IndexDefinition#initialize'
    /Users/javi/.rbenv/versions/3.4.2/lib/ruby/gems/3.4.0/gems/activerecord-8.1.3/lib/active_record/connection_adapters/sqlite3/schema_statements.rb:45:in 'Class#new'
    /Users/javi/.rbenv/versions/3.4.2/lib/ruby/gems/3.4.0/gems/activerecord-8.1.3/lib/active_record/connection_adapters/sqlite3/schema_statements.rb:45:in 'block in ActiveRecord::ConnectionAdapters::SQLite3::SchemaStatements#indexes'
    /Users/javi/.rbenv/versions/3.4.2/lib/ruby/gems/3.4.0/gems/activerecord-8.1.3/lib/active_record/result.rb:137:in 'Array#each'
    /Users/javi/.rbenv/versions/3.4.2/lib/ruby/gems/3.4.0/gems/activerecord-8.1.3/lib/active_record/result.rb:137:in 'ActiveRecord::Result#each'
    /Users/javi/.rbenv/versions/3.4.2/lib/ruby/gems/3.4.0/gems/activerecord-8.1.3/lib/active_record/connection_adapters/sqlite3/schema_statements.rb:9:in 'Enumerable#filter_map'
    /Users/javi/.rbenv/versions/3.4.2/lib/ruby/gems/3.4.0/gems/activerecord-8.1.3/lib/active_record/connection_adapters/sqlite3/schema_statements.rb:9:in 'ActiveRecord::ConnectionAdapters::SQLite3::SchemaStatements#indexes'
    repro.rb:153:in 'BugTest#index'
    repro.rb:145:in 'BugTest#test_multiline_expression_index_keeps_its_expression'

  2) Error:
BugTest#test_schema_roundtrip_preserves_partial_index_semantics:
ActiveRecord::RecordNotUnique: SQLite3::ConstraintException: UNIQUE constraint failed: join_requests.organization_id, join_requests.user_id
    /Users/javi/.rbenv/versions/3.4.2/lib/ruby/gems/3.4.0/gems/activerecord-8.1.3/lib/active_record/connection_adapters/sqlite3/database_statements.rb:105:in 'SQLite3::Statement#step'
    /Users/javi/.rbenv/versions/3.4.2/lib/ruby/gems/3.4.0/gems/activerecord-8.1.3/lib/active_record/connection_adapters/sqlite3/database_statements.rb:105:in 'ActiveRecord::ConnectionAdapters::SQLite3::DatabaseStatements#perform_query'
    /Users/javi/.rbenv/versions/3.4.2/lib/ruby/gems/3.4.0/gems/activerecord-8.1.3/lib/active_record/connection_adapters/abstract/database_statements.rb:571:in 'block (2 levels) in ActiveRecord::ConnectionAdapters::DatabaseStatements#raw_execute'
    /Users/javi/.rbenv/versions/3.4.2/lib/ruby/gems/3.4.0/gems/activerecord-8.1.3/lib/active_record/connection_adapters/abstract_adapter.rb:1086:in 'block in ActiveRecord::ConnectionAdapters::AbstractAdapter#with_raw_connection'
    /Users/javi/.rbenv/versions/3.4.2/lib/ruby/gems/3.4.0/gems/activesupport-8.1.3/lib/active_support/concurrency/null_lock.rb:9:in 'ActiveSupport::Concurrency::NullLock#synchronize'
    /Users/javi/.rbenv/versions/3.4.2/lib/ruby/gems/3.4.0/gems/activerecord-8.1.3/lib/active_record/connection_adapters/abstract_adapter.rb:1055:in 'ActiveRecord::ConnectionAdapters::AbstractAdapter#with_raw_connection'
    /Users/javi/.rbenv/versions/3.4.2/lib/ruby/gems/3.4.0/gems/activerecord-8.1.3/lib/active_record/connection_adapters/abstract/database_statements.rb:570:in 'block in ActiveRecord::ConnectionAdapters::DatabaseStatements#raw_execute'
    /Users/javi/.rbenv/versions/3.4.2/lib/ruby/gems/3.4.0/gems/activesupport-8.1.3/lib/active_support/notifications/instrumenter.rb:58:in 'ActiveSupport::Notifications::Instrumenter#instrument'
    /Users/javi/.rbenv/versions/3.4.2/lib/ruby/gems/3.4.0/gems/activerecord-8.1.3/lib/active_record/connection_adapters/abstract_adapter.rb:1206:in 'ActiveRecord::ConnectionAdapters::AbstractAdapter#log'
    /Users/javi/.rbenv/versions/3.4.2/lib/ruby/gems/3.4.0/gems/activerecord-8.1.3/lib/active_record/connection_adapters/abstract/database_statements.rb:569:in 'ActiveRecord::ConnectionAdapters::DatabaseStatements#raw_execute'
    /Users/javi/.rbenv/versions/3.4.2/lib/ruby/gems/3.4.0/gems/activerecord-8.1.3/lib/active_record/connection_adapters/abstract/database_statements.rb:613:in 'ActiveRecord::ConnectionAdapters::DatabaseStatements#internal_execute'
    /Users/javi/.rbenv/versions/3.4.2/lib/ruby/gems/3.4.0/gems/activerecord-8.1.3/lib/active_record/connection_adapters/abstract/database_statements.rb:140:in 'ActiveRecord::ConnectionAdapters::DatabaseStatements#execute'
    /Users/javi/.rbenv/versions/3.4.2/lib/ruby/gems/3.4.0/gems/activerecord-8.1.3/lib/active_record/connection_adapters/abstract/query_cache.rb:25:in 'ActiveRecord::ConnectionAdapters::AbstractAdapter#execute'
    /Users/javi/.rbenv/versions/3.4.2/lib/ruby/gems/3.4.0/gems/activerecord-8.1.3/lib/active_record/connection_adapters/sqlite3/database_statements.rb:56:in 'ActiveRecord::ConnectionAdapters::SQLite3::DatabaseStatements#execute'
    repro.rb:127:in 'BugTest#test_schema_roundtrip_preserves_partial_index_semantics'

  3) Failure:
BugTest#test_trailing_newline_where_is_preserved [repro.rb:69]:
Expected: "status = 'pending'"
  Actual: nil

  4) Failure:
BugTest#test_heredoc_where_is_preserved [repro.rb:89]:
Expected: "status = 'pending'"
  Actual: nil

5 runs, 3 assertions, 2 failures, 2 errors, 0 skips
